<?xml version="1.0" encoding="utf-8"?>
<coverage line-rate="0.9148000000000001" branch-rate="0.72" version="1.9" timestamp="1742140470" lines-covered="559" lines-valid="611" branches-covered="36" branches-valid="50">
  <sources>
    <source>C:\Users\kalin\source\repos\</source>
  </sources>
  <packages>
    <package name="Plants" line-rate="0.8652" branch-rate="0.7391" complexity="108">
      <classes>
        <class name="Plants.IdNumber" filename="Plants\Class1.cs" line-rate="0.8571" branch-rate="0.6666" complexity="12">
          <methods>
            <method name="get_Number" signature="()" line-rate="1" branch-rate="1" complexity="1">
              <lines>
                <line number="22" hits="81" branch="False" />
              </lines>
            </method>
            <method name="set_Number" signature="(System.Int32)" line-rate="1" branch-rate="1" complexity="2">
              <lines>
                <line number="24" hits="66" branch="False" />
                <line number="25" hits="66" branch="True" condition-coverage="100% (2/2)">
                  <conditions>
                    <condition number="10" type="jump" coverage="100%" />
                  </conditions>
                </line>
                <line number="26" hits="65" branch="False" />
                <line number="28" hits="1" branch="False" />
                <line number="29" hits="66" branch="False" />
              </lines>
            </method>
            <method name="Clone" signature="()" line-rate="1" branch-rate="1" complexity="1">
              <lines>
                <line number="33" hits="10" branch="False" />
                <line number="34" hits="10" branch="False" />
                <line number="35" hits="10" branch="False" />
              </lines>
            </method>
            <method name="Equals" signature="(System.Object)" line-rate="0.8332999999999999" branch-rate="0.5" complexity="4">
              <lines>
                <line number="50" hits="2" branch="False" />
                <line number="51" hits="2" branch="True" condition-coverage="50% (2/4)">
                  <conditions>
                    <condition number="2" type="jump" coverage="50%" />
                    <condition number="26" type="jump" coverage="50%" />
                  </conditions>
                </line>
                <line number="52" hits="0" branch="False" />
                <line number="54" hits="2" branch="False" />
                <line number="55" hits="2" branch="False" />
                <line number="56" hits="2" branch="False" />
              </lines>
            </method>
            <method name="GetHashCode" signature="()" line-rate="0" branch-rate="1" complexity="1">
              <lines>
                <line number="59" hits="0" branch="False" />
                <line number="60" hits="0" branch="False" />
                <line number="61" hits="0" branch="False" />
              </lines>
            </method>
            <method name="ToString" signature="()" line-rate="1" branch-rate="1" complexity="1">
              <lines>
                <line number="64" hits="1" branch="False" />
                <line number="65" hits="1" branch="False" />
                <line number="66" hits="1" branch="False" />
              </lines>
            </method>
            <method name=".ctor" signature="()" line-rate="1" branch-rate="1" complexity="1">
              <lines>
                <line number="39" hits="57" branch="False" />
                <line number="40" hits="57" branch="False" />
                <line number="42" hits="57" branch="False" />
              </lines>
            </method>
            <method name=".ctor" signature="(System.Int32)" line-rate="1" branch-rate="1" complexity="1">
              <lines>
                <line number="44" hits="18" branch="False" />
                <line number="45" hits="18" branch="False" />
                <line number="46" hits="18" branch="False" />
                <line number="47" hits="18" branch="False" />
              </lines>
            </method>
          </methods>
          <lines>
            <line number="22" hits="81" branch="False" />
            <line number="24" hits="66" branch="False" />
            <line number="25" hits="66" branch="True" condition-coverage="100% (2/2)">
              <conditions>
                <condition number="10" type="jump" coverage="100%" />
              </conditions>
            </line>
            <line number="26" hits="65" branch="False" />
            <line number="28" hits="1" branch="False" />
            <line number="29" hits="66" branch="False" />
            <line number="33" hits="10" branch="False" />
            <line number="34" hits="10" branch="False" />
            <line number="35" hits="10" branch="False" />
            <line number="50" hits="2" branch="False" />
            <line number="51" hits="2" branch="True" condition-coverage="50% (2/4)">
              <conditions>
                <condition number="2" type="jump" coverage="50%" />
                <condition number="26" type="jump" coverage="50%" />
              </conditions>
            </line>
            <line number="52" hits="0" branch="False" />
            <line number="54" hits="2" branch="False" />
            <line number="55" hits="2" branch="False" />
            <line number="56" hits="2" branch="False" />
            <line number="59" hits="0" branch="False" />
            <line number="60" hits="0" branch="False" />
            <line number="61" hits="0" branch="False" />
            <line number="64" hits="1" branch="False" />
            <line number="65" hits="1" branch="False" />
            <line number="66" hits="1" branch="False" />
            <line number="39" hits="57" branch="False" />
            <line number="40" hits="57" branch="False" />
            <line number="42" hits="57" branch="False" />
            <line number="44" hits="18" branch="False" />
            <line number="45" hits="18" branch="False" />
            <line number="46" hits="18" branch="False" />
            <line number="47" hits="18" branch="False" />
          </lines>
        </class>
        <class name="Plants.Plant" filename="Plants\Class1.cs" line-rate="0.9285" branch-rate="0.8332999999999999" complexity="23">
          <methods>
            <method name="get_Id" signature="()" line-rate="1" branch-rate="1" complexity="1">
              <lines>
                <line number="75" hits="126" branch="False" />
              </lines>
            </method>
            <method name="get_Name" signature="()" line-rate="1" branch-rate="1" complexity="1">
              <lines>
                <line number="80" hits="111" branch="False" />
              </lines>
            </method>
            <method name="set_Name" signature="(System.String)" line-rate="1" branch-rate="1" complexity="2">
              <lines>
                <line number="82" hits="57" branch="False" />
                <line number="83" hits="57" branch="True" condition-coverage="100% (2/2)">
                  <conditions>
                    <condition number="12" type="jump" coverage="100%" />
                  </conditions>
                </line>
                <line number="84" hits="56" branch="False" />
                <line number="86" hits="1" branch="False" />
                <line number="87" hits="57" branch="False" />
              </lines>
            </method>
            <method name="get_Color" signature="()" line-rate="1" branch-rate="1" complexity="1">
              <lines>
                <line number="92" hits="93" branch="False" />
              </lines>
            </method>
            <method name="set_Color" signature="(System.String)" line-rate="1" branch-rate="1" complexity="2">
              <lines>
                <line number="94" hits="57" branch="False" />
                <line number="95" hits="57" branch="True" condition-coverage="100% (2/2)">
                  <conditions>
                    <condition number="12" type="jump" coverage="100%" />
                  </conditions>
                </line>
                <line number="96" hits="56" branch="False" />
                <line number="98" hits="1" branch="False" />
                <line number="99" hits="57" branch="False" />
              </lines>
            </method>
            <method name="Show" signature="()" line-rate="0" branch-rate="1" complexity="1">
              <lines>
                <line number="117" hits="0" branch="False" />
                <line number="118" hits="0" branch="False" />
                <line number="119" hits="0" branch="False" />
              </lines>
            </method>
            <method name="Init" signature="()" line-rate="1" branch-rate="1" complexity="1">
              <lines>
                <line number="123" hits="5" branch="False" />
                <line number="124" hits="5" branch="False" />
                <line number="125" hits="5" branch="False" />
                <line number="127" hits="5" branch="False" />
                <line number="128" hits="5" branch="False" />
                <line number="129" hits="5" branch="False" />
              </lines>
            </method>
            <method name="RandomInit" signature="()" line-rate="1" branch-rate="1" complexity="1">
              <lines>
                <line number="133" hits="5" branch="False" />
                <line number="134" hits="5" branch="False" />
                <line number="135" hits="5" branch="False" />
                <line number="136" hits="5" branch="False" />
              </lines>
            </method>
            <method name="Equals" signature="(System.Object)" line-rate="0.8332999999999999" branch-rate="0.6666" complexity="6">
              <lines>
                <line number="140" hits="8" branch="False" />
                <line number="141" hits="8" branch="True" condition-coverage="50% (2/4)">
                  <conditions>
                    <condition number="2" type="jump" coverage="50%" />
                    <condition number="26" type="jump" coverage="50%" />
                  </conditions>
                </line>
                <line number="142" hits="0" branch="False" />
                <line number="144" hits="8" branch="False" />
                <line number="145" hits="8" branch="True" condition-coverage="100% (2/2)">
                  <conditions>
                    <condition number="56" type="jump" coverage="100%" />
                  </conditions>
                </line>
                <line number="146" hits="8" branch="False" />
              </lines>
            </method>
            <method name="CompareTo" signature="(Plants.Plant)" line-rate="1" branch-rate="1" complexity="1">
              <lines>
                <line number="150" hits="2" branch="False" />
                <line number="151" hits="2" branch="False" />
                <line number="152" hits="2" branch="False" />
              </lines>
            </method>
            <method name="ToString" signature="()" line-rate="1" branch-rate="1" complexity="1">
              <lines>
                <line number="156" hits="6" branch="False" />
                <line number="157" hits="6" branch="False" />
                <line number="158" hits="6" branch="False" />
              </lines>
            </method>
            <method name="Clone" signature="()" line-rate="1" branch-rate="1" complexity="2">
              <lines>
                <line number="161" hits="8" branch="False" />
                <line number="163" hits="8" branch="False" />
                <line number="166" hits="8" branch="True" condition-coverage="100% (2/2)">
                  <conditions>
                    <condition number="43" type="jump" coverage="100%" />
                  </conditions>
                </line>
                <line number="167" hits="8" branch="False" />
                <line number="168" hits="8" branch="False" />
                <line number="169" hits="8" branch="False" />
                <line number="171" hits="8" branch="False" />
                <line number="172" hits="8" branch="False" />
              </lines>
            </method>
            <method name=".ctor" signature="(System.String,System.String,System.Int32)" line-rate="1" branch-rate="1" complexity="1">
              <lines>
                <line number="103" hits="46" branch="False" />
                <line number="104" hits="46" branch="False" />
                <line number="105" hits="46" branch="False" />
                <line number="106" hits="46" branch="False" />
                <line number="107" hits="46" branch="False" />
                <line number="108" hits="46" branch="False" />
              </lines>
            </method>
            <method name=".ctor" signature="()" line-rate="1" branch-rate="1" complexity="1">
              <lines>
                <line number="110" hits="10" branch="False" />
                <line number="111" hits="10" branch="False" />
                <line number="113" hits="10" branch="False" />
              </lines>
            </method>
            <method name=".cctor" signature="()" line-rate="1" branch-rate="1" complexity="1">
              <lines>
                <line number="74" hits="1" branch="False" />
              </lines>
            </method>
          </methods>
          <lines>
            <line number="75" hits="126" branch="False" />
            <line number="80" hits="111" branch="False" />
            <line number="82" hits="57" branch="False" />
            <line number="83" hits="57" branch="True" condition-coverage="100% (2/2)">
              <conditions>
                <condition number="12" type="jump" coverage="100%" />
              </conditions>
            </line>
            <line number="84" hits="56" branch="False" />
            <line number="86" hits="1" branch="False" />
            <line number="87" hits="57" branch="False" />
            <line number="92" hits="93" branch="False" />
            <line number="94" hits="57" branch="False" />
            <line number="95" hits="57" branch="True" condition-coverage="100% (2/2)">
              <conditions>
                <condition number="12" type="jump" coverage="100%" />
              </conditions>
            </line>
            <line number="96" hits="56" branch="False" />
            <line number="98" hits="1" branch="False" />
            <line number="99" hits="57" branch="False" />
            <line number="117" hits="0" branch="False" />
            <line number="118" hits="0" branch="False" />
            <line number="119" hits="0" branch="False" />
            <line number="123" hits="5" branch="False" />
            <line number="124" hits="5" branch="False" />
            <line number="125" hits="5" branch="False" />
            <line number="127" hits="5" branch="False" />
            <line number="128" hits="5" branch="False" />
            <line number="129" hits="5" branch="False" />
            <line number="133" hits="5" branch="False" />
            <line number="134" hits="5" branch="False" />
            <line number="135" hits="5" branch="False" />
            <line number="136" hits="5" branch="False" />
            <line number="140" hits="8" branch="False" />
            <line number="141" hits="8" branch="True" condition-coverage="50% (2/4)">
              <conditions>
                <condition number="2" type="jump" coverage="50%" />
                <condition number="26" type="jump" coverage="50%" />
              </conditions>
            </line>
            <line number="142" hits="0" branch="False" />
            <line number="144" hits="8" branch="False" />
            <line number="145" hits="8" branch="True" condition-coverage="100% (2/2)">
              <conditions>
                <condition number="56" type="jump" coverage="100%" />
              </conditions>
            </line>
            <line number="146" hits="8" branch="False" />
            <line number="150" hits="2" branch="False" />
            <line number="151" hits="2" branch="False" />
            <line number="152" hits="2" branch="False" />
            <line number="156" hits="6" branch="False" />
            <line number="157" hits="6" branch="False" />
            <line number="158" hits="6" branch="False" />
            <line number="161" hits="8" branch="False" />
            <line number="163" hits="8" branch="False" />
            <line number="166" hits="8" branch="True" condition-coverage="100% (2/2)">
              <conditions>
                <condition number="43" type="jump" coverage="100%" />
              </conditions>
            </line>
            <line number="167" hits="8" branch="False" />
            <line number="168" hits="8" branch="False" />
            <line number="169" hits="8" branch="False" />
            <line number="171" hits="8" branch="False" />
            <line number="172" hits="8" branch="False" />
            <line number="103" hits="46" branch="False" />
            <line number="104" hits="46" branch="False" />
            <line number="105" hits="46" branch="False" />
            <line number="106" hits="46" branch="False" />
            <line number="107" hits="46" branch="False" />
            <line number="108" hits="46" branch="False" />
            <line number="110" hits="10" branch="False" />
            <line number="111" hits="10" branch="False" />
            <line number="113" hits="10" branch="False" />
            <line number="74" hits="1" branch="False" />
          </lines>
        </class>
        <class name="Plants.Tree" filename="Plants\Class1.cs" line-rate="0.8378" branch-rate="0.75" complexity="12">
          <methods>
            <method name="get_Height" signature="()" line-rate="1" branch-rate="1" complexity="1">
              <lines>
                <line number="185" hits="27" branch="False" />
              </lines>
            </method>
            <method name="set_Height" signature="(System.Double)" line-rate="1" branch-rate="1" complexity="2">
              <lines>
                <line number="187" hits="13" branch="False" />
                <line number="188" hits="13" branch="True" condition-coverage="100% (2/2)">
                  <conditions>
                    <condition number="18" type="jump" coverage="100%" />
                  </conditions>
                </line>
                <line number="189" hits="12" branch="False" />
                <line number="191" hits="1" branch="False" />
                <line number="192" hits="13" branch="False" />
              </lines>
            </method>
            <method name="Show" signature="()" line-rate="0" branch-rate="1" complexity="1">
              <lines>
                <line number="208" hits="0" branch="False" />
                <line number="209" hits="0" branch="False" />
                <line number="210" hits="0" branch="False" />
                <line number="211" hits="0" branch="False" />
              </lines>
            </method>
            <method name="Init" signature="()" line-rate="1" branch-rate="1" complexity="1">
              <lines>
                <line number="215" hits="1" branch="False" />
                <line number="216" hits="1" branch="False" />
                <line number="218" hits="1" branch="False" />
                <line number="219" hits="1" branch="False" />
                <line number="220" hits="1" branch="False" />
                <line number="221" hits="1" branch="False" />
              </lines>
            </method>
            <method name="RandomInit" signature="()" line-rate="1" branch-rate="1" complexity="1">
              <lines>
                <line number="225" hits="1" branch="False" />
                <line number="226" hits="1" branch="False" />
                <line number="227" hits="1" branch="False" />
                <line number="228" hits="1" branch="False" />
              </lines>
            </method>
            <method name="Equals" signature="(System.Object)" line-rate="0.8332999999999999" branch-rate="0.5" complexity="2">
              <lines>
                <line number="232" hits="2" branch="False" />
                <line number="233" hits="2" branch="True" condition-coverage="50% (1/2)">
                  <conditions>
                    <condition number="13" type="jump" coverage="50%" />
                  </conditions>
                </line>
                <line number="234" hits="0" branch="False" />
                <line number="236" hits="2" branch="False" />
                <line number="237" hits="2" branch="False" />
                <line number="238" hits="2" branch="False" />
              </lines>
            </method>
            <method name="Clone" signature="()" line-rate="0.6666" branch-rate="1" complexity="1">
              <lines>
                <line number="241" hits="2" branch="False" />
                <line number="243" hits="2" branch="False" />
                <line number="244" hits="0" branch="False" />
              </lines>
            </method>
            <method name=".ctor" signature="(System.String,System.String,System.Double,System.Int32)" line-rate="1" branch-rate="1" complexity="1">
              <lines>
                <line number="196" hits="9" branch="False" />
                <line number="197" hits="9" branch="False" />
                <line number="198" hits="9" branch="False" />
                <line number="199" hits="9" branch="False" />
              </lines>
            </method>
            <method name=".ctor" signature="()" line-rate="1" branch-rate="1" complexity="1">
              <lines>
                <line number="201" hits="2" branch="False" />
                <line number="202" hits="2" branch="False" />
                <line number="204" hits="2" branch="False" />
              </lines>
            </method>
            <method name=".cctor" signature="()" line-rate="1" branch-rate="1" complexity="1">
              <lines>
                <line number="180" hits="1" branch="False" />
              </lines>
            </method>
          </methods>
          <lines>
            <line number="185" hits="27" branch="False" />
            <line number="187" hits="13" branch="False" />
            <line number="188" hits="13" branch="True" condition-coverage="100% (2/2)">
              <conditions>
                <condition number="18" type="jump" coverage="100%" />
              </conditions>
            </line>
            <line number="189" hits="12" branch="False" />
            <line number="191" hits="1" branch="False" />
            <line number="192" hits="13" branch="False" />
            <line number="208" hits="0" branch="False" />
            <line number="209" hits="0" branch="False" />
            <line number="210" hits="0" branch="False" />
            <line number="211" hits="0" branch="False" />
            <line number="215" hits="1" branch="False" />
            <line number="216" hits="1" branch="False" />
            <line number="218" hits="1" branch="False" />
            <line number="219" hits="1" branch="False" />
            <line number="220" hits="1" branch="False" />
            <line number="221" hits="1" branch="False" />
            <line number="225" hits="1" branch="False" />
            <line number="226" hits="1" branch="False" />
            <line number="227" hits="1" branch="False" />
            <line number="228" hits="1" branch="False" />
            <line number="232" hits="2" branch="False" />
            <line number="233" hits="2" branch="True" condition-coverage="50% (1/2)">
              <conditions>
                <condition number="13" type="jump" coverage="50%" />
              </conditions>
            </line>
            <line number="234" hits="0" branch="False" />
            <line number="236" hits="2" branch="False" />
            <line number="237" hits="2" branch="False" />
            <line number="238" hits="2" branch="False" />
            <line number="241" hits="2" branch="False" />
            <line number="243" hits="2" branch="False" />
            <line number="244" hits="0" branch="False" />
            <line number="196" hits="9" branch="False" />
            <line number="197" hits="9" branch="False" />
            <line number="198" hits="9" branch="False" />
            <line number="199" hits="9" branch="False" />
            <line number="201" hits="2" branch="False" />
            <line number="202" hits="2" branch="False" />
            <line number="204" hits="2" branch="False" />
            <line number="180" hits="1" branch="False" />
          </lines>
        </class>
        <class name="Plants.Flower" filename="Plants\Class1.cs" line-rate="0.8332999999999999" branch-rate="0.75" complexity="12">
          <methods>
            <method name="get_Smell" signature="()" line-rate="1" branch-rate="1" complexity="1">
              <lines>
                <line number="257" hits="36" branch="False" />
              </lines>
            </method>
            <method name="set_Smell" signature="(System.String)" line-rate="1" branch-rate="1" complexity="2">
              <lines>
                <line number="259" hits="22" branch="False" />
                <line number="260" hits="22" branch="True" condition-coverage="100% (2/2)">
                  <conditions>
                    <condition number="12" type="jump" coverage="100%" />
                  </conditions>
                </line>
                <line number="261" hits="21" branch="False" />
                <line number="263" hits="1" branch="False" />
                <line number="264" hits="22" branch="False" />
              </lines>
            </method>
            <method name="Show" signature="()" line-rate="0" branch-rate="1" complexity="1">
              <lines>
                <line number="280" hits="0" branch="False" />
                <line number="281" hits="0" branch="False" />
                <line number="282" hits="0" branch="False" />
                <line number="283" hits="0" branch="False" />
              </lines>
            </method>
            <method name="Init" signature="()" line-rate="1" branch-rate="1" complexity="1">
              <lines>
                <line number="287" hits="2" branch="False" />
                <line number="288" hits="2" branch="False" />
                <line number="290" hits="2" branch="False" />
                <line number="291" hits="2" branch="False" />
                <line number="292" hits="2" branch="False" />
              </lines>
            </method>
            <method name="RandomInit" signature="()" line-rate="1" branch-rate="1" complexity="1">
              <lines>
                <line number="296" hits="2" branch="False" />
                <line number="297" hits="2" branch="False" />
                <line number="298" hits="2" branch="False" />
                <line number="299" hits="2" branch="False" />
              </lines>
            </method>
            <method name="Equals" signature="(System.Object)" line-rate="0.8332999999999999" branch-rate="0.5" complexity="2">
              <lines>
                <line number="303" hits="4" branch="False" />
                <line number="304" hits="4" branch="True" condition-coverage="50% (1/2)">
                  <conditions>
                    <condition number="13" type="jump" coverage="50%" />
                  </conditions>
                </line>
                <line number="305" hits="0" branch="False" />
                <line number="307" hits="4" branch="False" />
                <line number="308" hits="4" branch="False" />
                <line number="309" hits="4" branch="False" />
              </lines>
            </method>
            <method name="Clone" signature="()" line-rate="0.6666" branch-rate="1" complexity="1">
              <lines>
                <line number="312" hits="4" branch="False" />
                <line number="314" hits="4" branch="False" />
                <line number="315" hits="0" branch="False" />
              </lines>
            </method>
            <method name=".ctor" signature="(System.String,System.String,System.String,System.Int32)" line-rate="1" branch-rate="1" complexity="1">
              <lines>
                <line number="268" hits="16" branch="False" />
                <line number="269" hits="16" branch="False" />
                <line number="270" hits="16" branch="False" />
                <line number="271" hits="16" branch="False" />
              </lines>
            </method>
            <method name=".ctor" signature="()" line-rate="1" branch-rate="1" complexity="1">
              <lines>
                <line number="273" hits="4" branch="False" />
                <line number="274" hits="4" branch="False" />
                <line number="276" hits="4" branch="False" />
              </lines>
            </method>
            <method name=".cctor" signature="()" line-rate="1" branch-rate="1" complexity="1">
              <lines>
                <line number="252" hits="1" branch="False" />
              </lines>
            </method>
          </methods>
          <lines>
            <line number="257" hits="36" branch="False" />
            <line number="259" hits="22" branch="False" />
            <line number="260" hits="22" branch="True" condition-coverage="100% (2/2)">
              <conditions>
                <condition number="12" type="jump" coverage="100%" />
              </conditions>
            </line>
            <line number="261" hits="21" branch="False" />
            <line number="263" hits="1" branch="False" />
            <line number="264" hits="22" branch="False" />
            <line number="280" hits="0" branch="False" />
            <line number="281" hits="0" branch="False" />
            <line number="282" hits="0" branch="False" />
            <line number="283" hits="0" branch="False" />
            <line number="287" hits="2" branch="False" />
            <line number="288" hits="2" branch="False" />
            <line number="290" hits="2" branch="False" />
            <line number="291" hits="2" branch="False" />
            <line number="292" hits="2" branch="False" />
            <line number="296" hits="2" branch="False" />
            <line number="297" hits="2" branch="False" />
            <line number="298" hits="2" branch="False" />
            <line number="299" hits="2" branch="False" />
            <line number="303" hits="4" branch="False" />
            <line number="304" hits="4" branch="True" condition-coverage="50% (1/2)">
              <conditions>
                <condition number="13" type="jump" coverage="50%" />
              </conditions>
            </line>
            <line number="305" hits="0" branch="False" />
            <line number="307" hits="4" branch="False" />
            <line number="308" hits="4" branch="False" />
            <line number="309" hits="4" branch="False" />
            <line number="312" hits="4" branch="False" />
            <line number="314" hits="4" branch="False" />
            <line number="315" hits="0" branch="False" />
            <line number="268" hits="16" branch="False" />
            <line number="269" hits="16" branch="False" />
            <line number="270" hits="16" branch="False" />
            <line number="271" hits="16" branch="False" />
            <line number="273" hits="4" branch="False" />
            <line number="274" hits="4" branch="False" />
            <line number="276" hits="4" branch="False" />
            <line number="252" hits="1" branch="False" />
          </lines>
        </class>
        <class name="Plants.Rose" filename="Plants\Class1.cs" line-rate="0.8181" branch-rate="0.25" complexity="12">
          <methods>
            <method name="get_HasThorns" signature="()" line-rate="1" branch-rate="1" complexity="1">
              <lines>
                <line number="328" hits="21" branch="False" />
              </lines>
            </method>
            <method name="set_HasThorns" signature="(System.Boolean)" line-rate="1" branch-rate="1" complexity="1">
              <lines>
                <line number="329" hits="27" branch="False" />
              </lines>
            </method>
            <method name="Show" signature="()" line-rate="0" branch-rate="0" complexity="2">
              <lines>
                <line number="345" hits="0" branch="False" />
                <line number="346" hits="0" branch="False" />
                <line number="347" hits="0" branch="True" condition-coverage="0% (0/2)">
                  <conditions>
                    <condition number="19" type="jump" coverage="0%" />
                  </conditions>
                </line>
                <line number="348" hits="0" branch="False" />
              </lines>
            </method>
            <method name="Init" signature="()" line-rate="1" branch-rate="1" complexity="1">
              <lines>
                <line number="352" hits="1" branch="False" />
                <line number="353" hits="1" branch="False" />
                <line number="355" hits="1" branch="False" />
                <line number="356" hits="1" branch="False" />
                <line number="357" hits="1" branch="False" />
                <line number="358" hits="1" branch="False" />
              </lines>
            </method>
            <method name="RandomInit" signature="()" line-rate="1" branch-rate="1" complexity="1">
              <lines>
                <line number="362" hits="1" branch="False" />
                <line number="363" hits="1" branch="False" />
                <line number="364" hits="1" branch="False" />
                <line number="365" hits="1" branch="False" />
              </lines>
            </method>
            <method name="Equals" signature="(System.Object)" line-rate="0.8332999999999999" branch-rate="0.5" complexity="2">
              <lines>
                <line number="369" hits="2" branch="False" />
                <line number="370" hits="2" branch="True" condition-coverage="50% (1/2)">
                  <conditions>
                    <condition number="13" type="jump" coverage="50%" />
                  </conditions>
                </line>
                <line number="371" hits="0" branch="False" />
                <line number="373" hits="2" branch="False" />
                <line number="374" hits="2" branch="False" />
                <line number="375" hits="2" branch="False" />
              </lines>
            </method>
            <method name="Clone" signature="()" line-rate="0.6666" branch-rate="1" complexity="1">
              <lines>
                <line number="377" hits="2" branch="False" />
                <line number="379" hits="2" branch="False" />
                <line number="380" hits="0" branch="False" />
              </lines>
            </method>
            <method name=".ctor" signature="(System.String,System.String,System.String,System.Boolean,System.Int32)" line-rate="1" branch-rate="1" complexity="1">
              <lines>
                <line number="333" hits="7" branch="False" />
                <line number="334" hits="7" branch="False" />
                <line number="335" hits="7" branch="False" />
                <line number="336" hits="7" branch="False" />
              </lines>
            </method>
            <method name=".ctor" signature="()" line-rate="1" branch-rate="1" complexity="1">
              <lines>
                <line number="338" hits="2" branch="False" />
                <line number="339" hits="2" branch="False" />
                <line number="341" hits="2" branch="False" />
              </lines>
            </method>
            <method name=".cctor" signature="()" line-rate="1" branch-rate="1" complexity="1">
              <lines>
                <line number="323" hits="1" branch="False" />
              </lines>
            </method>
          </methods>
          <lines>
            <line number="328" hits="21" branch="False" />
            <line number="329" hits="27" branch="False" />
            <line number="345" hits="0" branch="False" />
            <line number="346" hits="0" branch="False" />
            <line number="347" hits="0" branch="True" condition-coverage="0% (0/2)">
              <conditions>
                <condition number="19" type="jump" coverage="0%" />
              </conditions>
            </line>
            <line number="348" hits="0" branch="False" />
            <line number="352" hits="1" branch="False" />
            <line number="353" hits="1" branch="False" />
            <line number="355" hits="1" branch="False" />
            <line number="356" hits="1" branch="False" />
            <line number="357" hits="1" branch="False" />
            <line number="358" hits="1" branch="False" />
            <line number="362" hits="1" branch="False" />
            <line number="363" hits="1" branch="False" />
            <line number="364" hits="1" branch="False" />
            <line number="365" hits="1" branch="False" />
            <line number="369" hits="2" branch="False" />
            <line number="370" hits="2" branch="True" condition-coverage="50% (1/2)">
              <conditions>
                <condition number="13" type="jump" coverage="50%" />
              </conditions>
            </line>
            <line number="371" hits="0" branch="False" />
            <line number="373" hits="2" branch="False" />
            <line number="374" hits="2" branch="False" />
            <line number="375" hits="2" branch="False" />
            <line number="377" hits="2" branch="False" />
            <line number="379" hits="2" branch="False" />
            <line number="380" hits="0" branch="False" />
            <line number="333" hits="7" branch="False" />
            <line number="334" hits="7" branch="False" />
            <line number="335" hits="7" branch="False" />
            <line number="336" hits="7" branch="False" />
            <line number="338" hits="2" branch="False" />
            <line number="339" hits="2" branch="False" />
            <line number="341" hits="2" branch="False" />
            <line number="323" hits="1" branch="False" />
          </lines>
        </class>
        <class name="Plants.Post" filename="Plants\Class1.cs" line-rate="0.8695" branch-rate="0.8125" complexity="37">
          <methods>
            <method name="Show" signature="()" line-rate="0" branch-rate="1" complexity="1">
              <lines>
                <line number="416" hits="0" branch="False" />
                <line number="417" hits="0" branch="False" />
                <line number="418" hits="0" branch="False" />
              </lines>
            </method>
            <method name="get_NumViews" signature="()" line-rate="1" branch-rate="1" complexity="1">
              <lines>
                <line number="422" hits="12" branch="False" />
              </lines>
            </method>
            <method name="set_NumViews" signature="(System.Int32)" line-rate="1" branch-rate="1" complexity="1">
              <lines>
                <line number="423" hits="12" branch="False" />
              </lines>
            </method>
            <method name="get_NumComments" signature="()" line-rate="1" branch-rate="1" complexity="1">
              <lines>
                <line number="428" hits="6" branch="False" />
              </lines>
            </method>
            <method name="set_NumComments" signature="(System.Int32)" line-rate="1" branch-rate="1" complexity="1">
              <lines>
                <line number="429" hits="12" branch="False" />
              </lines>
            </method>
            <method name="get_NumReactions" signature="()" line-rate="1" branch-rate="1" complexity="1">
              <lines>
                <line number="434" hits="9" branch="False" />
              </lines>
            </method>
            <method name="set_NumReactions" signature="(System.Int32)" line-rate="1" branch-rate="1" complexity="1">
              <lines>
                <line number="435" hits="12" branch="False" />
              </lines>
            </method>
            <method name="CalculateEngagementRateStatic" signature="(Plants.Post,System.Int32)" line-rate="1" branch-rate="1" complexity="1">
              <lines>
                <line number="439" hits="1" branch="False" />
                <line number="440" hits="1" branch="False" />
                <line number="441" hits="1" branch="False" />
              </lines>
            </method>
            <method name="CalculateEngagementRate" signature="(System.Int32)" line-rate="1" branch-rate="1" complexity="1">
              <lines>
                <line number="444" hits="2" branch="False" />
                <line number="445" hits="2" branch="False" />
                <line number="446" hits="2" branch="False" />
              </lines>
            </method>
            <method name="GetTotalPostCount" signature="()" line-rate="1" branch-rate="1" complexity="1">
              <lines>
                <line number="449" hits="2" branch="False" />
                <line number="450" hits="2" branch="False" />
                <line number="451" hits="2" branch="False" />
              </lines>
            </method>
            <method name="op_Equality" signature="(Plants.Post,Plants.Post)" line-rate="1" branch-rate="1" complexity="4">
              <lines>
                <line number="454" hits="2" branch="False" />
                <line number="455" hits="2" branch="True" condition-coverage="100% (4/4)">
                  <conditions>
                    <condition number="13" type="jump" coverage="100%" />
                    <condition number="27" type="jump" coverage="100%" />
                  </conditions>
                </line>
                <line number="456" hits="2" branch="False" />
                <line number="457" hits="2" branch="False" />
                <line number="458" hits="2" branch="False" />
              </lines>
            </method>
            <method name="op_Inequality" signature="(Plants.Post,Plants.Post)" line-rate="1" branch-rate="1" complexity="1">
              <lines>
                <line number="461" hits="1" branch="False" />
                <line number="462" hits="1" branch="False" />
                <line number="463" hits="1" branch="False" />
              </lines>
            </method>
            <method name="op_Explicit" signature="(Plants.Post)" line-rate="1" branch-rate="0.75" complexity="4">
              <lines>
                <line number="466" hits="2" branch="False" />
                <line number="467" hits="2" branch="True" condition-coverage="75% (3/4)">
                  <conditions>
                    <condition number="7" type="jump" coverage="100%" />
                    <condition number="15" type="jump" coverage="50%" />
                  </conditions>
                </line>
                <line number="468" hits="2" branch="False" />
              </lines>
            </method>
            <method name="op_Implicit" signature="(Plants.Post)" line-rate="1" branch-rate="1" complexity="1">
              <lines>
                <line number="471" hits="1" branch="False" />
                <line number="472" hits="1" branch="False" />
                <line number="473" hits="1" branch="False" />
                <line number="474" hits="1" branch="False" />
              </lines>
            </method>
            <method name="op_LogicalNot" signature="(Plants.Post)" line-rate="1" branch-rate="1" complexity="1">
              <lines>
                <line number="477" hits="1" branch="False" />
                <line number="478" hits="1" branch="False" />
                <line number="479" hits="1" branch="False" />
                <line number="480" hits="1" branch="False" />
              </lines>
            </method>
            <method name="op_Increment" signature="(Plants.Post)" line-rate="1" branch-rate="1" complexity="1">
              <lines>
                <line number="483" hits="1" branch="False" />
                <line number="484" hits="1" branch="False" />
                <line number="485" hits="1" branch="False" />
                <line number="486" hits="1" branch="False" />
              </lines>
            </method>
            <method name="Equals" signature="(System.Object)" line-rate="0.7777" branch-rate="0.75" complexity="8">
              <lines>
                <line number="489" hits="2" branch="False" />
                <line number="490" hits="2" branch="True" condition-coverage="50% (2/4)">
                  <conditions>
                    <condition number="2" type="jump" coverage="50%" />
                    <condition number="26" type="jump" coverage="50%" />
                  </conditions>
                </line>
                <line number="491" hits="0" branch="False" />
                <line number="492" hits="0" branch="False" />
                <line number="495" hits="2" branch="False" />
                <line number="496" hits="2" branch="True" condition-coverage="100% (4/4)">
                  <conditions>
                    <condition number="52" type="jump" coverage="100%" />
                    <condition number="66" type="jump" coverage="100%" />
                  </conditions>
                </line>
                <line number="497" hits="2" branch="False" />
                <line number="498" hits="2" branch="False" />
                <line number="499" hits="2" branch="False" />
              </lines>
            </method>
            <method name="ToString" signature="()" line-rate="1" branch-rate="1" complexity="1">
              <lines>
                <line number="502" hits="1" branch="False" />
                <line number="503" hits="1" branch="False" />
                <line number="504" hits="1" branch="False" />
              </lines>
            </method>
            <method name="Init" signature="()" line-rate="1" branch-rate="1" complexity="1">
              <lines>
                <line number="507" hits="1" branch="False" />
                <line number="508" hits="1" branch="False" />
                <line number="509" hits="1" branch="False" />
                <line number="510" hits="1" branch="False" />
                <line number="512" hits="1" branch="False" />
                <line number="513" hits="1" branch="False" />
                <line number="514" hits="1" branch="False" />
                <line number="516" hits="1" branch="False" />
                <line number="517" hits="1" branch="False" />
                <line number="518" hits="1" branch="False" />
                <line number="519" hits="1" branch="False" />
              </lines>
            </method>
            <method name="RandomInit" signature="()" line-rate="1" branch-rate="1" complexity="1">
              <lines>
                <line number="522" hits="3" branch="False" />
                <line number="523" hits="3" branch="False" />
                <line number="524" hits="3" branch="False" />
                <line number="525" hits="3" branch="False" />
                <line number="526" hits="3" branch="False" />
              </lines>
            </method>
            <method name=".ctor" signature="(System.Int32,System.Int32,System.Int32)" line-rate="1" branch-rate="1" complexity="1">
              <lines>
                <line number="391" hits="16" branch="False" />
                <line number="392" hits="16" branch="False" />
                <line number="393" hits="16" branch="False" />
                <line number="394" hits="16" branch="False" />
                <line number="395" hits="16" branch="False" />
                <line number="396" hits="16" branch="False" />
                <line number="397" hits="16" branch="False" />
              </lines>
            </method>
            <method name=".ctor" signature="()" line-rate="1" branch-rate="1" complexity="1">
              <lines>
                <line number="399" hits="6" branch="False" />
                <line number="400" hits="6" branch="False" />
                <line number="401" hits="6" branch="False" />
                <line number="402" hits="6" branch="False" />
                <line number="403" hits="6" branch="False" />
                <line number="404" hits="6" branch="False" />
                <line number="405" hits="6" branch="False" />
              </lines>
            </method>
            <method name=".ctor" signature="(Plants.Post)" line-rate="0" branch-rate="1" complexity="1">
              <lines>
                <line number="407" hits="0" branch="False" />
                <line number="408" hits="0" branch="False" />
                <line number="409" hits="0" branch="False" />
                <line number="410" hits="0" branch="False" />
                <line number="411" hits="0" branch="False" />
                <line number="412" hits="0" branch="False" />
                <line number="413" hits="0" branch="False" />
              </lines>
            </method>
            <method name=".cctor" signature="()" line-rate="1" branch-rate="1" complexity="1">
              <lines>
                <line number="388" hits="1" branch="False" />
                <line number="389" hits="1" branch="False" />
              </lines>
            </method>
          </methods>
          <lines>
            <line number="416" hits="0" branch="False" />
            <line number="417" hits="0" branch="False" />
            <line number="418" hits="0" branch="False" />
            <line number="422" hits="12" branch="False" />
            <line number="423" hits="12" branch="False" />
            <line number="428" hits="6" branch="False" />
            <line number="429" hits="12" branch="False" />
            <line number="434" hits="9" branch="False" />
            <line number="435" hits="12" branch="False" />
            <line number="439" hits="1" branch="False" />
            <line number="440" hits="1" branch="False" />
            <line number="441" hits="1" branch="False" />
            <line number="444" hits="2" branch="False" />
            <line number="445" hits="2" branch="False" />
            <line number="446" hits="2" branch="False" />
            <line number="449" hits="2" branch="False" />
            <line number="450" hits="2" branch="False" />
            <line number="451" hits="2" branch="False" />
            <line number="454" hits="2" branch="False" />
            <line number="455" hits="2" branch="True" condition-coverage="100% (4/4)">
              <conditions>
                <condition number="13" type="jump" coverage="100%" />
                <condition number="27" type="jump" coverage="100%" />
              </conditions>
            </line>
            <line number="456" hits="2" branch="False" />
            <line number="457" hits="2" branch="False" />
            <line number="458" hits="2" branch="False" />
            <line number="461" hits="1" branch="False" />
            <line number="462" hits="1" branch="False" />
            <line number="463" hits="1" branch="False" />
            <line number="466" hits="2" branch="False" />
            <line number="467" hits="2" branch="True" condition-coverage="75% (3/4)">
              <conditions>
                <condition number="7" type="jump" coverage="100%" />
                <condition number="15" type="jump" coverage="50%" />
              </conditions>
            </line>
            <line number="468" hits="2" branch="False" />
            <line number="471" hits="1" branch="False" />
            <line number="472" hits="1" branch="False" />
            <line number="473" hits="1" branch="False" />
            <line number="474" hits="1" branch="False" />
            <line number="477" hits="1" branch="False" />
            <line number="478" hits="1" branch="False" />
            <line number="479" hits="1" branch="False" />
            <line number="480" hits="1" branch="False" />
            <line number="483" hits="1" branch="False" />
            <line number="484" hits="1" branch="False" />
            <line number="485" hits="1" branch="False" />
            <line number="486" hits="1" branch="False" />
            <line number="489" hits="2" branch="False" />
            <line number="490" hits="2" branch="True" condition-coverage="50% (2/4)">
              <conditions>
                <condition number="2" type="jump" coverage="50%" />
                <condition number="26" type="jump" coverage="50%" />
              </conditions>
            </line>
            <line number="491" hits="0" branch="False" />
            <line number="492" hits="0" branch="False" />
            <line number="495" hits="2" branch="False" />
            <line number="496" hits="2" branch="True" condition-coverage="100% (4/4)">
              <conditions>
                <condition number="52" type="jump" coverage="100%" />
                <condition number="66" type="jump" coverage="100%" />
              </conditions>
            </line>
            <line number="497" hits="2" branch="False" />
            <line number="498" hits="2" branch="False" />
            <line number="499" hits="2" branch="False" />
            <line number="502" hits="1" branch="False" />
            <line number="503" hits="1" branch="False" />
            <line number="504" hits="1" branch="False" />
            <line number="507" hits="1" branch="False" />
            <line number="508" hits="1" branch="False" />
            <line number="509" hits="1" branch="False" />
            <line number="510" hits="1" branch="False" />
            <line number="512" hits="1" branch="False" />
            <line number="513" hits="1" branch="False" />
            <line number="514" hits="1" branch="False" />
            <line number="516" hits="1" branch="False" />
            <line number="517" hits="1" branch="False" />
            <line number="518" hits="1" branch="False" />
            <line number="519" hits="1" branch="False" />
            <line number="522" hits="3" branch="False" />
            <line number="523" hits="3" branch="False" />
            <line number="524" hits="3" branch="False" />
            <line number="525" hits="3" branch="False" />
            <line number="526" hits="3" branch="False" />
            <line number="391" hits="16" branch="False" />
            <line number="392" hits="16" branch="False" />
            <line number="393" hits="16" branch="False" />
            <line number="394" hits="16" branch="False" />
            <line number="395" hits="16" branch="False" />
            <line number="396" hits="16" branch="False" />
            <line number="397" hits="16" branch="False" />
            <line number="399" hits="6" branch="False" />
            <line number="400" hits="6" branch="False" />
            <line number="401" hits="6" branch="False" />
            <line number="402" hits="6" branch="False" />
            <line number="403" hits="6" branch="False" />
            <line number="404" hits="6" branch="False" />
            <line number="405" hits="6" branch="False" />
            <line number="407" hits="0" branch="False" />
            <line number="408" hits="0" branch="False" />
            <line number="409" hits="0" branch="False" />
            <line number="410" hits="0" branch="False" />
            <line number="411" hits="0" branch="False" />
            <line number="412" hits="0" branch="False" />
            <line number="413" hits="0" branch="False" />
            <line number="388" hits="1" branch="False" />
            <line number="389" hits="1" branch="False" />
          </lines>
        </class>
      </classes>
    </package>
    <package name="PlantTest" line-rate="0.9573999999999999" branch-rate="0.5" complexity="64">
      <classes>
        <class name="PlantsTest.IdNumberTests" filename="PlantTest\Test1.cs" line-rate="1" branch-rate="1" complexity="7">
          <methods>
            <method name="Clone_ReturnsEqualObject" signature="()" line-rate="1" branch-rate="1" complexity="1">
              <lines>
                <line number="12" hits="1" branch="False" />
                <line number="14" hits="1" branch="False" />
                <line number="15" hits="1" branch="False" />
                <line number="17" hits="1" branch="False" />
                <line number="18" hits="1" branch="False" />
              </lines>
            </method>
            <method name="Clone_ReturnsDifferentInstance" signature="()" line-rate="1" branch-rate="1" complexity="1">
              <lines>
                <line number="22" hits="1" branch="False" />
                <line number="24" hits="1" branch="False" />
                <line number="25" hits="1" branch="False" />
                <line number="27" hits="1" branch="False" />
                <line number="28" hits="1" branch="False" />
              </lines>
            </method>
            <method name="Equals_WithSameNumber_ReturnsTrue" signature="()" line-rate="1" branch-rate="1" complexity="1">
              <lines>
                <line number="32" hits="1" branch="False" />
                <line number="34" hits="1" branch="False" />
                <line number="35" hits="1" branch="False" />
                <line number="37" hits="1" branch="False" />
                <line number="38" hits="1" branch="False" />
              </lines>
            </method>
            <method name="Equals_WithDifferentNumber_ReturnsFalse" signature="()" line-rate="1" branch-rate="1" complexity="1">
              <lines>
                <line number="42" hits="1" branch="False" />
                <line number="44" hits="1" branch="False" />
                <line number="45" hits="1" branch="False" />
                <line number="47" hits="1" branch="False" />
                <line number="48" hits="1" branch="False" />
              </lines>
            </method>
            <method name="NumberSetter_WithNegativeValue_KeepsPreviousValue" signature="()" line-rate="1" branch-rate="1" complexity="1">
              <lines>
                <line number="52" hits="1" branch="False" />
                <line number="54" hits="1" branch="False" />
                <line number="55" hits="1" branch="False" />
                <line number="57" hits="1" branch="False" />
                <line number="58" hits="1" branch="False" />
              </lines>
            </method>
            <method name="NumberSetter_WithMaxValue_SetsCorrectly" signature="()" line-rate="1" branch-rate="1" complexity="1">
              <lines>
                <line number="62" hits="1" branch="False" />
                <line number="64" hits="1" branch="False" />
                <line number="65" hits="1" branch="False" />
                <line number="67" hits="1" branch="False" />
                <line number="68" hits="1" branch="False" />
              </lines>
            </method>
            <method name="ToString_ReturnsCorrectFormat" signature="()" line-rate="1" branch-rate="1" complexity="1">
              <lines>
                <line number="72" hits="1" branch="False" />
                <line number="74" hits="1" branch="False" />
                <line number="76" hits="1" branch="False" />
                <line number="77" hits="1" branch="False" />
              </lines>
            </method>
          </methods>
          <lines>
            <line number="12" hits="1" branch="False" />
            <line number="14" hits="1" branch="False" />
            <line number="15" hits="1" branch="False" />
            <line number="17" hits="1" branch="False" />
            <line number="18" hits="1" branch="False" />
            <line number="22" hits="1" branch="False" />
            <line number="24" hits="1" branch="False" />
            <line number="25" hits="1" branch="False" />
            <line number="27" hits="1" branch="False" />
            <line number="28" hits="1" branch="False" />
            <line number="32" hits="1" branch="False" />
            <line number="34" hits="1" branch="False" />
            <line number="35" hits="1" branch="False" />
            <line number="37" hits="1" branch="False" />
            <line number="38" hits="1" branch="False" />
            <line number="42" hits="1" branch="False" />
            <line number="44" hits="1" branch="False" />
            <line number="45" hits="1" branch="False" />
            <line number="47" hits="1" branch="False" />
            <line number="48" hits="1" branch="False" />
            <line number="52" hits="1" branch="False" />
            <line number="54" hits="1" branch="False" />
            <line number="55" hits="1" branch="False" />
            <line number="57" hits="1" branch="False" />
            <line number="58" hits="1" branch="False" />
            <line number="62" hits="1" branch="False" />
            <line number="64" hits="1" branch="False" />
            <line number="65" hits="1" branch="False" />
            <line number="67" hits="1" branch="False" />
            <line number="68" hits="1" branch="False" />
            <line number="72" hits="1" branch="False" />
            <line number="74" hits="1" branch="False" />
            <line number="76" hits="1" branch="False" />
            <line number="77" hits="1" branch="False" />
          </lines>
        </class>
        <class name="PlantsTest.PlantTests" filename="PlantTest\Test1.cs" line-rate="1" branch-rate="1" complexity="13">
          <methods>
            <method name="Clone_ReturnsEqualObject" signature="()" line-rate="1" branch-rate="1" complexity="1">
              <lines>
                <line number="85" hits="1" branch="False" />
                <line number="87" hits="1" branch="False" />
                <line number="88" hits="1" branch="False" />
                <line number="90" hits="1" branch="False" />
                <line number="91" hits="1" branch="False" />
              </lines>
            </method>
            <method name="Clone_ReturnsDifferentInstance" signature="()" line-rate="1" branch-rate="1" complexity="1">
              <lines>
                <line number="95" hits="1" branch="False" />
                <line number="97" hits="1" branch="False" />
                <line number="98" hits="1" branch="False" />
                <line number="100" hits="1" branch="False" />
                <line number="101" hits="1" branch="False" />
              </lines>
            </method>
            <method name="Equals_WithSameNameAndColor_ReturnsTrue" signature="()" line-rate="1" branch-rate="1" complexity="1">
              <lines>
                <line number="105" hits="1" branch="False" />
                <line number="107" hits="1" branch="False" />
                <line number="108" hits="1" branch="False" />
                <line number="110" hits="1" branch="False" />
                <line number="111" hits="1" branch="False" />
              </lines>
            </method>
            <method name="Equals_WithDifferentName_ReturnsFalse" signature="()" line-rate="1" branch-rate="1" complexity="1">
              <lines>
                <line number="115" hits="1" branch="False" />
                <line number="117" hits="1" branch="False" />
                <line number="118" hits="1" branch="False" />
                <line number="120" hits="1" branch="False" />
                <line number="121" hits="1" branch="False" />
              </lines>
            </method>
            <method name="NameSetter_WithEmptyString_KeepsPreviousValue" signature="()" line-rate="1" branch-rate="1" complexity="1">
              <lines>
                <line number="125" hits="1" branch="False" />
                <line number="127" hits="1" branch="False" />
                <line number="128" hits="1" branch="False" />
                <line number="130" hits="1" branch="False" />
                <line number="131" hits="1" branch="False" />
              </lines>
            </method>
            <method name="ColorSetter_WithNullValue_KeepsPreviousValue" signature="()" line-rate="1" branch-rate="1" complexity="1">
              <lines>
                <line number="135" hits="1" branch="False" />
                <line number="137" hits="1" branch="False" />
                <line number="138" hits="1" branch="False" />
                <line number="140" hits="1" branch="False" />
                <line number="141" hits="1" branch="False" />
              </lines>
            </method>
            <method name="RandomInit_SetsNonEmptyName" signature="()" line-rate="1" branch-rate="1" complexity="1">
              <lines>
                <line number="145" hits="1" branch="False" />
                <line number="147" hits="1" branch="False" />
                <line number="148" hits="1" branch="False" />
                <line number="150" hits="1" branch="False" />
                <line number="151" hits="1" branch="False" />
              </lines>
            </method>
            <method name="RandomInit_SetsNonEmptyColor" signature="()" line-rate="1" branch-rate="1" complexity="1">
              <lines>
                <line number="155" hits="1" branch="False" />
                <line number="157" hits="1" branch="False" />
                <line number="158" hits="1" branch="False" />
                <line number="160" hits="1" branch="False" />
                <line number="161" hits="1" branch="False" />
              </lines>
            </method>
            <method name="Init_SetsValidNameFromInput" signature="()" line-rate="1" branch-rate="1" complexity="1">
              <lines>
                <line number="165" hits="1" branch="False" />
                <line number="167" hits="1" branch="False" />
                <line number="168" hits="1" branch="False" />
                <line number="169" hits="1" branch="False" />
                <line number="170" hits="1" branch="False" />
                <line number="171" hits="1" branch="False" />
                <line number="172" hits="1" branch="False" />
                <line number="173" hits="1" branch="False" />
                <line number="174" hits="1" branch="False" />
              </lines>
            </method>
            <method name="Init_SetsValidColorFromInput" signature="()" line-rate="1" branch-rate="1" complexity="1">
              <lines>
                <line number="178" hits="1" branch="False" />
                <line number="180" hits="1" branch="False" />
                <line number="181" hits="1" branch="False" />
                <line number="182" hits="1" branch="False" />
                <line number="183" hits="1" branch="False" />
                <line number="184" hits="1" branch="False" />
                <line number="185" hits="1" branch="False" />
                <line number="186" hits="1" branch="False" />
                <line number="187" hits="1" branch="False" />
              </lines>
            </method>
            <method name="ToString_ReturnsCorrectFormat" signature="()" line-rate="1" branch-rate="1" complexity="1">
              <lines>
                <line number="191" hits="1" branch="False" />
                <line number="193" hits="1" branch="False" />
                <line number="195" hits="1" branch="False" />
                <line number="196" hits="1" branch="False" />
              </lines>
            </method>
            <method name="CompareTo_WithLesserName_ReturnsNegative" signature="()" line-rate="1" branch-rate="1" complexity="1">
              <lines>
                <line number="200" hits="1" branch="False" />
                <line number="202" hits="1" branch="False" />
                <line number="203" hits="1" branch="False" />
                <line number="205" hits="1" branch="False" />
                <line number="206" hits="1" branch="False" />
              </lines>
            </method>
            <method name="CompareTo_WithEqualName_ReturnsZero" signature="()" line-rate="1" branch-rate="1" complexity="1">
              <lines>
                <line number="210" hits="1" branch="False" />
                <line number="212" hits="1" branch="False" />
                <line number="213" hits="1" branch="False" />
                <line number="215" hits="1" branch="False" />
                <line number="216" hits="1" branch="False" />
              </lines>
            </method>
          </methods>
          <lines>
            <line number="85" hits="1" branch="False" />
            <line number="87" hits="1" branch="False" />
            <line number="88" hits="1" branch="False" />
            <line number="90" hits="1" branch="False" />
            <line number="91" hits="1" branch="False" />
            <line number="95" hits="1" branch="False" />
            <line number="97" hits="1" branch="False" />
            <line number="98" hits="1" branch="False" />
            <line number="100" hits="1" branch="False" />
            <line number="101" hits="1" branch="False" />
            <line number="105" hits="1" branch="False" />
            <line number="107" hits="1" branch="False" />
            <line number="108" hits="1" branch="False" />
            <line number="110" hits="1" branch="False" />
            <line number="111" hits="1" branch="False" />
            <line number="115" hits="1" branch="False" />
            <line number="117" hits="1" branch="False" />
            <line number="118" hits="1" branch="False" />
            <line number="120" hits="1" branch="False" />
            <line number="121" hits="1" branch="False" />
            <line number="125" hits="1" branch="False" />
            <line number="127" hits="1" branch="False" />
            <line number="128" hits="1" branch="False" />
            <line number="130" hits="1" branch="False" />
            <line number="131" hits="1" branch="False" />
            <line number="135" hits="1" branch="False" />
            <line number="137" hits="1" branch="False" />
            <line number="138" hits="1" branch="False" />
            <line number="140" hits="1" branch="False" />
            <line number="141" hits="1" branch="False" />
            <line number="145" hits="1" branch="False" />
            <line number="147" hits="1" branch="False" />
            <line number="148" hits="1" branch="False" />
            <line number="150" hits="1" branch="False" />
            <line number="151" hits="1" branch="False" />
            <line number="155" hits="1" branch="False" />
            <line number="157" hits="1" branch="False" />
            <line number="158" hits="1" branch="False" />
            <line number="160" hits="1" branch="False" />
            <line number="161" hits="1" branch="False" />
            <line number="165" hits="1" branch="False" />
            <line number="167" hits="1" branch="False" />
            <line number="168" hits="1" branch="False" />
            <line number="169" hits="1" branch="False" />
            <line number="170" hits="1" branch="False" />
            <line number="171" hits="1" branch="False" />
            <line number="172" hits="1" branch="False" />
            <line number="173" hits="1" branch="False" />
            <line number="174" hits="1" branch="False" />
            <line number="178" hits="1" branch="False" />
            <line number="180" hits="1" branch="False" />
            <line number="181" hits="1" branch="False" />
            <line number="182" hits="1" branch="False" />
            <line number="183" hits="1" branch="False" />
            <line number="184" hits="1" branch="False" />
            <line number="185" hits="1" branch="False" />
            <line number="186" hits="1" branch="False" />
            <line number="187" hits="1" branch="False" />
            <line number="191" hits="1" branch="False" />
            <line number="193" hits="1" branch="False" />
            <line number="195" hits="1" branch="False" />
            <line number="196" hits="1" branch="False" />
            <line number="200" hits="1" branch="False" />
            <line number="202" hits="1" branch="False" />
            <line number="203" hits="1" branch="False" />
            <line number="205" hits="1" branch="False" />
            <line number="206" hits="1" branch="False" />
            <line number="210" hits="1" branch="False" />
            <line number="212" hits="1" branch="False" />
            <line number="213" hits="1" branch="False" />
            <line number="215" hits="1" branch="False" />
            <line number="216" hits="1" branch="False" />
          </lines>
        </class>
        <class name="PlantsTest.TreeTests" filename="PlantTest\Test1.cs" line-rate="0.9166" branch-rate="0.5" complexity="10">
          <methods>
            <method name="Clone_ReturnsEqualObject" signature="()" line-rate="0.6" branch-rate="1" complexity="1">
              <lines>
                <line number="224" hits="1" branch="False" />
                <line number="226" hits="1" branch="False" />
                <line number="227" hits="1" branch="False" />
                <line number="229" hits="0" branch="False" />
                <line number="230" hits="0" branch="False" />
              </lines>
            </method>
            <method name="Clone_ReturnsDifferentInstance" signature="()" line-rate="0.6" branch-rate="1" complexity="1">
              <lines>
                <line number="234" hits="1" branch="False" />
                <line number="236" hits="1" branch="False" />
                <line number="237" hits="1" branch="False" />
                <line number="239" hits="0" branch="False" />
                <line number="240" hits="0" branch="False" />
              </lines>
            </method>
            <method name="Equals_WithSameProperties_ReturnsTrue" signature="()" line-rate="1" branch-rate="1" complexity="1">
              <lines>
                <line number="244" hits="1" branch="False" />
                <line number="246" hits="1" branch="False" />
                <line number="247" hits="1" branch="False" />
                <line number="249" hits="1" branch="False" />
                <line number="250" hits="1" branch="False" />
              </lines>
            </method>
            <method name="Equals_WithDifferentHeight_ReturnsFalse" signature="()" line-rate="1" branch-rate="1" complexity="1">
              <lines>
                <line number="254" hits="1" branch="False" />
                <line number="256" hits="1" branch="False" />
                <line number="257" hits="1" branch="False" />
                <line number="259" hits="1" branch="False" />
                <line number="260" hits="1" branch="False" />
              </lines>
            </method>
            <method name="HeightSetter_WithNegativeValue_KeepsPreviousValue" signature="()" line-rate="1" branch-rate="1" complexity="1">
              <lines>
                <line number="264" hits="1" branch="False" />
                <line number="266" hits="1" branch="False" />
                <line number="267" hits="1" branch="False" />
                <line number="269" hits="1" branch="False" />
                <line number="270" hits="1" branch="False" />
              </lines>
            </method>
            <method name="HeightSetter_WithValidValue_SetsCorrectly" signature="()" line-rate="1" branch-rate="1" complexity="1">
              <lines>
                <line number="274" hits="1" branch="False" />
                <line number="276" hits="1" branch="False" />
                <line number="277" hits="1" branch="False" />
                <line number="279" hits="1" branch="False" />
                <line number="280" hits="1" branch="False" />
              </lines>
            </method>
            <method name="RandomInit_SetsValidHeight" signature="()" line-rate="1" branch-rate="0.5" complexity="2">
              <lines>
                <line number="284" hits="1" branch="False" />
                <line number="286" hits="1" branch="False" />
                <line number="287" hits="1" branch="False" />
                <line number="289" hits="1" branch="True" condition-coverage="50% (1/2)">
                  <conditions>
                    <condition number="29" type="jump" coverage="50%" />
                  </conditions>
                </line>
                <line number="290" hits="1" branch="False" />
              </lines>
            </method>
            <method name="Init_SetsValidHeightFromInput" signature="()" line-rate="1" branch-rate="1" complexity="1">
              <lines>
                <line number="294" hits="1" branch="False" />
                <line number="296" hits="1" branch="False" />
                <line number="297" hits="1" branch="False" />
                <line number="298" hits="1" branch="False" />
                <line number="299" hits="1" branch="False" />
                <line number="300" hits="1" branch="False" />
                <line number="301" hits="1" branch="False" />
                <line number="302" hits="1" branch="False" />
                <line number="303" hits="1" branch="False" />
              </lines>
            </method>
            <method name="ToString_ReturnsBaseFormat" signature="()" line-rate="1" branch-rate="1" complexity="1">
              <lines>
                <line number="307" hits="1" branch="False" />
                <line number="309" hits="1" branch="False" />
                <line number="311" hits="1" branch="False" />
                <line number="312" hits="1" branch="False" />
              </lines>
            </method>
          </methods>
          <lines>
            <line number="224" hits="1" branch="False" />
            <line number="226" hits="1" branch="False" />
            <line number="227" hits="1" branch="False" />
            <line number="229" hits="0" branch="False" />
            <line number="230" hits="0" branch="False" />
            <line number="234" hits="1" branch="False" />
            <line number="236" hits="1" branch="False" />
            <line number="237" hits="1" branch="False" />
            <line number="239" hits="0" branch="False" />
            <line number="240" hits="0" branch="False" />
            <line number="244" hits="1" branch="False" />
            <line number="246" hits="1" branch="False" />
            <line number="247" hits="1" branch="False" />
            <line number="249" hits="1" branch="False" />
            <line number="250" hits="1" branch="False" />
            <line number="254" hits="1" branch="False" />
            <line number="256" hits="1" branch="False" />
            <line number="257" hits="1" branch="False" />
            <line number="259" hits="1" branch="False" />
            <line number="260" hits="1" branch="False" />
            <line number="264" hits="1" branch="False" />
            <line number="266" hits="1" branch="False" />
            <line number="267" hits="1" branch="False" />
            <line number="269" hits="1" branch="False" />
            <line number="270" hits="1" branch="False" />
            <line number="274" hits="1" branch="False" />
            <line number="276" hits="1" branch="False" />
            <line number="277" hits="1" branch="False" />
            <line number="279" hits="1" branch="False" />
            <line number="280" hits="1" branch="False" />
            <line number="284" hits="1" branch="False" />
            <line number="286" hits="1" branch="False" />
            <line number="287" hits="1" branch="False" />
[...]
              <lines>
                <line number="426" hits="1" branch="False" />
                <line number="428" hits="1" branch="False" />
                <line number="429" hits="1" branch="False" />
                <line number="431" hits="0" branch="False" />
                <line number="432" hits="0" branch="False" />
              </lines>
            </method>
            <method name="Equals_WithSameProperties_ReturnsTrue" signature="()" line-rate="1" branch-rate="1" complexity="1">
              <lines>
                <line number="436" hits="1" branch="False" />
                <line number="438" hits="1" branch="False" />
                <line number="439" hits="1" branch="False" />
                <line number="441" hits="1" branch="False" />
                <line number="442" hits="1" branch="False" />
              </lines>
            </method>
            <method name="Equals_WithDifferentThorns_ReturnsFalse" signature="()" line-rate="1" branch-rate="1" complexity="1">
              <lines>
                <line number="446" hits="1" branch="False" />
                <line number="448" hits="1" branch="False" />
                <line number="449" hits="1" branch="False" />
                <line number="451" hits="1" branch="False" />
                <line number="452" hits="1" branch="False" />
              </lines>
            </method>
            <method name="RandomInit_SetsValidThorns" signature="()" line-rate="1" branch-rate="0.5" complexity="2">
              <lines>
                <line number="456" hits="1" branch="False" />
                <line number="458" hits="1" branch="False" />
                <line number="459" hits="1" branch="False" />
                <line number="461" hits="1" branch="True" condition-coverage="50% (1/2)">
                  <conditions>
                    <condition number="20" type="jump" coverage="50%" />
                  </conditions>
                </line>
                <line number="462" hits="1" branch="False" />
              </lines>
            </method>
            <method name="Init_SetsValidThornsFromInput" signature="()" line-rate="0.7777" branch-rate="1" complexity="1">
              <lines>
                <line number="466" hits="1" branch="False" />
                <line number="468" hits="1" branch="False" />
                <line number="469" hits="1" branch="False" />
                <line number="470" hits="1" branch="False" />
                <line number="471" hits="1" branch="False" />
                <line number="472" hits="1" branch="False" />
                <line number="473" hits="1" branch="False" />
                <line number="474" hits="0" branch="False" />
                <line number="475" hits="0" branch="False" />
              </lines>
            </method>
            <method name="ToString_ReturnsBaseFormat" signature="()" line-rate="1" branch-rate="1" complexity="1">
              <lines>
                <line number="479" hits="1" branch="False" />
                <line number="481" hits="1" branch="False" />
                <line number="483" hits="1" branch="False" />
                <line number="484" hits="1" branch="False" />
              </lines>
            </method>
          </methods>
          <lines>
            <line number="416" hits="1" branch="False" />
            <line number="418" hits="1" branch="False" />
            <line number="419" hits="1" branch="False" />
            <line number="421" hits="0" branch="False" />
            <line number="422" hits="0" branch="False" />
            <line number="426" hits="1" branch="False" />
            <line number="428" hits="1" branch="False" />
            <line number="429" hits="1" branch="False" />
            <line number="431" hits="0" branch="False" />
            <line number="432" hits="0" branch="False" />
            <line number="436" hits="1" branch="False" />
            <line number="438" hits="1" branch="False" />
            <line number="439" hits="1" branch="False" />
            <line number="441" hits="1" branch="False" />
            <line number="442" hits="1" branch="False" />
            <line number="446" hits="1" branch="False" />
            <line number="448" hits="1" branch="False" />
            <line number="449" hits="1" branch="False" />
            <line number="451" hits="1" branch="False" />
            <line number="452" hits="1" branch="False" />
            <line number="456" hits="1" branch="False" />
            <line number="458" hits="1" branch="False" />
            <line number="459" hits="1" branch="False" />
            <line number="461" hits="1" branch="True" condition-coverage="50% (1/2)">
              <conditions>
                <condition number="20" type="jump" coverage="50%" />
              </conditions>
            </line>
            <line number="462" hits="1" branch="False" />
            <line number="466" hits="1" branch="False" />
            <line number="468" hits="1" branch="False" />
            <line number="469" hits="1" branch="False" />
            <line number="470" hits="1" branch="False" />
            <line number="471" hits="1" branch="False" />
            <line number="472" hits="1" branch="False" />
            <line number="473" hits="1" branch="False" />
            <line number="474" hits="0" branch="False" />
            <line number="475" hits="0" branch="False" />
            <line number="479" hits="1" branch="False" />
            <line number="481" hits="1" branch="False" />
            <line number="483" hits="1" branch="False" />
            <line number="484" hits="1" branch="False" />
          </lines>
        </class>
        <class name="PlantsTest.PostTests" filename="PlantTest\Test1.cs" line-rate="1" branch-rate="1" complexity="17">
          <methods>
            <method name="Equals_WithSameProperties_ReturnsTrue" signature="()" line-rate="1" branch-rate="1" complexity="1">
              <lines>
                <line number="492" hits="1" branch="False" />
                <line number="494" hits="1" branch="False" />
                <line number="495" hits="1" branch="False" />
                <line number="497" hits="1" branch="False" />
                <line number="498" hits="1" branch="False" />
              </lines>
            </method>
            <method name="Equals_WithDifferentViews_ReturnsFalse" signature="()" line-rate="1" branch-rate="1" complexity="1">
              <lines>
                <line number="502" hits="1" branch="False" />
                <line number="504" hits="1" branch="False" />
                <line number="505" hits="1" branch="False" />
                <line number="507" hits="1" branch="False" />
                <line number="508" hits="1" branch="False" />
              </lines>
            </method>
            <method name="CalculateEngagementRate_ReturnsCorrectValue" signature="()" line-rate="1" branch-rate="1" complexity="1">
              <lines>
                <line number="512" hits="1" branch="False" />
                <line number="514" hits="1" branch="False" />
                <line number="515" hits="1" branch="False" />
                <line number="517" hits="1" branch="False" />
                <line number="518" hits="1" branch="False" />
              </lines>
            </method>
            <method name="CalculateEngagementRateStatic_ReturnsSameAsInstance" signature="()" line-rate="1" branch-rate="1" complexity="1">
              <lines>
                <line number="522" hits="1" branch="False" />
                <line number="524" hits="1" branch="False" />
                <line number="525" hits="1" branch="False" />
                <line number="527" hits="1" branch="False" />
                <line number="528" hits="1" branch="False" />
              </lines>
            </method>
            <method name="OperatorIncrement_IncreasesViews" signature="()" line-rate="1" branch-rate="1" complexity="1">
              <lines>
                <line number="532" hits="1" branch="False" />
                <line number="534" hits="1" branch="False" />
                <line number="535" hits="1" branch="False" />
                <line number="537" hits="1" branch="False" />
                <line number="538" hits="1" branch="False" />
              </lines>
            </method>
            <method name="OperatorNot_IncreasesReactions" signature="()" line-rate="1" branch-rate="1" complexity="1">
              <lines>
                <line number="542" hits="1" branch="False" />
                <line number="544" hits="1" branch="False" />
                <line number="545" hits="1" branch="False" />
                <line number="547" hits="1" branch="False" />
                <line number="548" hits="1" branch="False" />
              </lines>
            </method>
            <method name="OperatorEqual_ReturnsTrueForSameValues" signature="()" line-rate="1" branch-rate="1" complexity="1">
              <lines>
                <line number="552" hits="1" branch="False" />
                <line number="554" hits="1" branch="False" />
                <line number="555" hits="1" branch="False" />
                <line number="557" hits="1" branch="False" />
                <line number="558" hits="1" branch="False" />
              </lines>
            </method>
            <method name="OperatorNotEqual_ReturnsTrueForDifferentValues" signature="()" line-rate="1" branch-rate="1" complexity="1">
              <lines>
                <line number="562" hits="1" branch="False" />
                <line number="564" hits="1" branch="False" />
                <line number="565" hits="1" branch="False" />
                <line number="567" hits="1" branch="False" />
                <line number="568" hits="1" branch="False" />
              </lines>
            </method>
            <method name="ImplicitOperatorDouble_ReturnsRoundedCoverage" signature="()" line-rate="1" branch-rate="1" complexity="1">
              <lines>
                <line number="572" hits="1" branch="False" />
                <line number="574" hits="1" branch="False" />
                <line number="575" hits="1" branch="False" />
                <line number="577" hits="1" branch="False" />
                <line number="578" hits="1" branch="False" />
              </lines>
            </method>
            <method name="ExplicitOperatorBool_ReturnsTrueForActivePost" signature="()" line-rate="1" branch-rate="1" complexity="1">
              <lines>
                <line number="582" hits="1" branch="False" />
                <line number="584" hits="1" branch="False" />
                <line number="585" hits="1" branch="False" />
                <line number="587" hits="1" branch="False" />
                <line number="588" hits="1" branch="False" />
              </lines>
            </method>
            <method name="ExplicitOperatorBool_ReturnsFalseForInactivePost" signature="()" line-rate="1" branch-rate="1" complexity="1">
              <lines>
                <line number="592" hits="1" branch="False" />
                <line number="594" hits="1" branch="False" />
                <line number="595" hits="1" branch="False" />
                <line number="597" hits="1" branch="False" />
                <line number="598" hits="1" branch="False" />
              </lines>
            </method>
            <method name="RandomInit_SetsNonNegativeViews" signature="()" line-rate="1" branch-rate="1" complexity="1">
              <lines>
                <line number="602" hits="1" branch="False" />
                <line number="604" hits="1" branch="False" />
                <line number="605" hits="1" branch="False" />
                <line number="607" hits="1" branch="False" />
                <line number="608" hits="1" branch="False" />
              </lines>
            </method>
            <method name="RandomInit_SetsNonNegativeComments" signature="()" line-rate="1" branch-rate="1" complexity="1">
              <lines>
                <line number="612" hits="1" branch="False" />
                <line number="614" hits="1" branch="False" />
                <line number="615" hits="1" branch="False" />
                <line number="617" hits="1" branch="False" />
                <line number="618" hits="1" branch="False" />
              </lines>
            </method>
            <method name="RandomInit_SetsNonNegativeReactions" signature="()" line-rate="1" branch-rate="1" complexity="1">
              <lines>
                <line number="622" hits="1" branch="False" />
                <line number="624" hits="1" branch="False" />
                <line number="625" hits="1" branch="False" />
                <line number="627" hits="1" branch="False" />
                <line number="628" hits="1" branch="False" />
              </lines>
            </method>
            <method name="Init_SetsValidViewsFromInput" signature="()" line-rate="1" branch-rate="1" complexity="1">
              <lines>
                <line number="632" hits="1" branch="False" />
                <line number="634" hits="1" branch="False" />
                <line number="635" hits="1" branch="False" />
                <line number="636" hits="1" branch="False" />
                <line number="637" hits="1" branch="False" />
                <line number="638" hits="1" branch="False" />
                <line number="639" hits="1" branch="False" />
                <line number="640" hits="1" branch="False" />
                <line number="641" hits="1" branch="False" />
              </lines>
            </method>
            <method name="GetTotalPostCount_IncreasesWithNewObjects" signature="()" line-rate="1" branch-rate="1" complexity="1">
              <lines>
                <line number="645" hits="1" branch="False" />
                <line number="647" hits="1" branch="False" />
                <line number="648" hits="1" branch="False" />
                <line number="649" hits="1" branch="False" />
                <line number="651" hits="1" branch="False" />
                <line number="652" hits="1" branch="False" />
              </lines>
            </method>
            <method name="ToString_ReturnsCorrectFormat" signature="()" line-rate="1" branch-rate="1" complexity="1">
              <lines>
                <line number="656" hits="1" branch="False" />
                <line number="658" hits="1" branch="False" />
                <line number="660" hits="1" branch="False" />
                <line number="661" hits="1" branch="False" />
              </lines>
            </method>
          </methods>
          <lines>
            <line number="492" hits="1" branch="False" />
            <line number="494" hits="1" branch="False" />
            <line number="495" hits="1" branch="False" />
            <line number="497" hits="1" branch="False" />
            <line number="498" hits="1" branch="False" />
            <line number="502" hits="1" branch="False" />
            <line number="504" hits="1" branch="False" />
            <line number="505" hits="1" branch="False" />
            <line number="507" hits="1" branch="False" />
            <line number="508" hits="1" branch="False" />
            <line number="512" hits="1" branch="False" />
            <line number="514" hits="1" branch="False" />
            <line number="515" hits="1" branch="False" />
            <line number="517" hits="1" branch="False" />
            <line number="518" hits="1" branch="False" />
            <line number="522" hits="1" branch="False" />
            <line number="524" hits="1" branch="False" />
            <line number="525" hits="1" branch="False" />
            <line number="527" hits="1" branch="False" />
            <line number="528" hits="1" branch="False" />
            <line number="532" hits="1" branch="False" />
            <line number="534" hits="1" branch="False" />
            <line number="535" hits="1" branch="False" />
            <line number="537" hits="1" branch="False" />
            <line number="538" hits="1" branch="False" />
            <line number="542" hits="1" branch="False" />
            <line number="544" hits="1" branch="False" />
            <line number="545" hits="1" branch="False" />
            <line number="547" hits="1" branch="False" />
            <line number="548" hits="1" branch="False" />
            <line number="552" hits="1" branch="False" />
            <line number="554" hits="1" branch="False" />
            <line number="555" hits="1" branch="False" />
            <line number="557" hits="1" branch="False" />
            <line number="558" hits="1" branch="False" />
            <line number="562" hits="1" branch="False" />
            <line number="564" hits="1" branch="False" />
            <line number="565" hits="1" branch="False" />
            <line number="567" hits="1" branch="False" />
            <line number="568" hits="1" branch="False" />
            <line number="572" hits="1" branch="False" />
            <line number="574" hits="1" branch="False" />
            <line number="575" hits="1" branch="False" />
            <line number="577" hits="1" branch="False" />
            <line number="578" hits="1" branch="False" />
            <line number="582" hits="1" branch="False" />
            <line number="584" hits="1" branch="False" />
            <line number="585" hits="1" branch="False" />
            <line number="587" hits="1" branch="False" />
            <line number="588" hits="1" branch="False" />
            <line number="592" hits="1" branch="False" />
            <line number="594" hits="1" branch="False" />
            <line number="595" hits="1" branch="False" />
            <line number="597" hits="1" branch="False" />
            <line number="598" hits="1" branch="False" />
            <line number="602" hits="1" branch="False" />
            <line number="604" hits="1" branch="False" />
            <line number="605" hits="1" branch="False" />
            <line number="607" hits="1" branch="False" />
            <line number="608" hits="1" branch="False" />
            <line number="612" hits="1" branch="False" />
            <line number="614" hits="1" branch="False" />
            <line number="615" hits="1" branch="False" />
            <line number="617" hits="1" branch="False" />
            <line number="618" hits="1" branch="False" />
            <line number="622" hits="1" branch="False" />
            <line number="624" hits="1" branch="False" />
            <line number="625" hits="1" branch="False" />
            <line number="627" hits="1" branch="False" />
            <line number="628" hits="1" branch="False" />
            <line number="632" hits="1" branch="False" />
            <line number="634" hits="1" branch="False" />
            <line number="635" hits="1" branch="False" />
            <line number="636" hits="1" branch="False" />
            <line number="637" hits="1" branch="False" />
            <line number="638" hits="1" branch="False" />
            <line number="639" hits="1" branch="False" />
            <line number="640" hits="1" branch="False" />
            <line number="641" hits="1" branch="False" />
            <line number="645" hits="1" branch="False" />
            <line number="647" hits="1" branch="False" />
            <line number="648" hits="1" branch="False" />
            <line number="649" hits="1" branch="False" />
            <line number="651" hits="1" branch="False" />
            <line number="652" hits="1" branch="False" />
            <line number="656" hits="1" branch="False" />
            <line number="658" hits="1" branch="False" />
            <line number="660" hits="1" branch="False" />
            <line number="661" hits="1" branch="False" />
          </lines>
        </class>
      </classes>
    </package>
  </packages>
</coverage>